# JRE version: OpenJDK Runtime Environment (21.0.6) (build 21.0.6+-13391695-b895.109)
# Java VM: OpenJDK 64-Bit Server VM (21.0.6+-13391695-b895.109, mixed mode, tiered, compressed oops, compressed class ptrs, g1 gc, windows-amd64)
GC Precious Log:
 CardTable entry size: 512
 Card Set container configuration: InlinePtr #cards 5 size 8 Array Of Cards #cards 12 size 40 Howl #buckets 4 coarsen threshold 1843 Howl Bitmap #cards 512 size 80 coarsen threshold 460 Card regions per heap region 1 cards per card region 2048
 CPUs: 16 total, 16 available
 Memory: 5989M
 Large Page Support: Disabled
 NUMA Support: Disabled
 Compressed Oops: Enabled (32-bit)
 Heap Region Size: 1M
 Heap Min Capacity: 8M
 Heap Initial Capacity: 94M
 Heap Max Capacity: 2G
 Pre-touch: Disabled
 Parallel Workers: 13
 Concurrent Workers: 3
 Concurrent Refinement Workers: 13
 Periodic GC: Disabled
Heap:
 garbage-first heap   total 418816K, used 214927K [0x0000000080000000, 0x0000000100000000)
  region size 1024K, 3 young (3072K), 3 survivors (3072K)
 Metaspace       used 164366K, committed 169664K, reserved 1245184K
  class space    used 21495K, committed 23488K, reserved 1048576K
GC Heap History (20 events):
Event: 1666.221 GC heap after
{Heap after GC invocations=68 (full 0):
 garbage-first heap   total 368640K, used 193865K [0x0000000080000000, 0x0000000100000000)
  region size 1024K, 21 young (21504K), 21 survivors (21504K)
 Metaspace       used 166050K, committed 168640K, reserved 1245184K
  class space    used 22169K, committed 23488K, reserved 1048576K
}
Event: 1667.568 GC heap before
{Heap before GC invocations=68 (full 0):
 garbage-first heap   total 368640K, used 221513K [0x0000000080000000, 0x0000000100000000)
  region size 1024K, 50 young (51200K), 21 survivors (21504K)
 Metaspace       used 166279K, committed 168896K, reserved 1245184K
  class space    used 22170K, committed 23488K, reserved 1048576K
}
Event: 1667.628 GC heap after
{Heap after GC invocations=69 (full 0):
 garbage-first heap   total 368640K, used 193945K [0x0000000080000000, 0x0000000100000000)
  region size 1024K, 11 young (11264K), 11 survivors (11264K)
 Metaspace       used 166279K, committed 168896K, reserved 1245184K
  class space    used 22170K, committed 23488K, reserved 1048576K
}
Event: 1913.293 GC heap before
{Heap before GC invocations=70 (full 0):
 garbage-first heap   total 382976K, used 370073K [0x0000000080000000, 0x0000000100000000)
  region size 1024K, 150 young (153600K), 11 survivors (11264K)
 Metaspace       used 166661K, committed 169216K, reserved 1245184K
  class space    used 22166K, committed 23488K, reserved 1048576K
}
Event: 1913.429 GC heap after
{Heap after GC invocations=71 (full 0):
 garbage-first heap   total 395264K, used 206101K [0x0000000080000000, 0x0000000100000000)
  region size 1024K, 19 young (19456K), 19 survivors (19456K)
 Metaspace       used 166661K, committed 169216K, reserved 1245184K
  class space    used 22166K, committed 23488K, reserved 1048576K
}
Event: 2485.505 GC heap before
{Heap before GC invocations=71 (full 0):
 garbage-first heap   total 395264K, used 388373K [0x0000000080000000, 0x0000000100000000)
  region size 1024K, 164 young (167936K), 19 survivors (19456K)
 Metaspace       used 167028K, committed 169600K, reserved 1245184K
  class space    used 22174K, committed 23488K, reserved 1048576K
}
Event: 2489.225 GC heap after
{Heap after GC invocations=72 (full 0):
 garbage-first heap   total 418816K, used 209163K [0x0000000080000000, 0x0000000100000000)
  region size 1024K, 6 young (6144K), 6 survivors (6144K)
 Metaspace       used 167028K, committed 169600K, reserved 1245184K
  class space    used 22174K, committed 23488K, reserved 1048576K
}
Event: 2564.272 GC heap before
{Heap before GC invocations=72 (full 0):
 garbage-first heap   total 418816K, used 223499K [0x0000000080000000, 0x0000000100000000)
  region size 1024K, 20 young (20480K), 6 survivors (6144K)
 Metaspace       used 167069K, committed 169664K, reserved 1245184K
  class space    used 22175K, committed 23488K, reserved 1048576K
}
Event: 2564.420 GC heap after
{Heap after GC invocations=73 (full 0):
 garbage-first heap   total 418816K, used 211050K [0x0000000080000000, 0x0000000100000000)
  region size 1024K, 2 young (2048K), 2 survivors (2048K)
 Metaspace       used 167069K, committed 169664K, reserved 1245184K
  class space    used 22175K, committed 23488K, reserved 1048576K
}
Event: 2566.892 GC heap before
{Heap before GC invocations=73 (full 0):
 garbage-first heap   total 418816K, used 228458K [0x0000000080000000, 0x0000000100000000)
  region size 1024K, 20 young (20480K), 2 survivors (2048K)
 Metaspace       used 167089K, committed 169664K, reserved 1245184K
  class space    used 22175K, committed 23488K, reserved 1048576K
}
Event: 2566.963 GC heap after
{Heap after GC invocations=74 (full 0):
 garbage-first heap   total 418816K, used 211024K [0x0000000080000000, 0x0000000100000000)
  region size 1024K, 2 young (2048K), 2 survivors (2048K)
 Metaspace       used 167089K, committed 169664K, reserved 1245184K
  class space    used 22175K, committed 23488K, reserved 1048576K
}
Event: 2573.714 GC heap before
{Heap before GC invocations=74 (full 0):
 garbage-first heap   total 418816K, used 225360K [0x0000000080000000, 0x0000000100000000)
  region size 1024K, 20 young (20480K), 2 survivors (2048K)
 Metaspace       used 164215K, committed 169664K, reserved 1245184K
  class space    used 21489K, committed 23488K, reserved 1048576K
}
Event: 2574.176 GC heap after
{Heap after GC invocations=75 (full 0):
 garbage-first heap   total 418816K, used 210616K [0x0000000080000000, 0x0000000100000000)
  region size 1024K, 3 young (3072K), 3 survivors (3072K)
 Metaspace       used 164215K, committed 169664K, reserved 1245184K
  class space    used 21489K, committed 23488K, reserved 1048576K
}
Event: 2586.769 GC heap before
{Heap before GC invocations=75 (full 0):
 garbage-first heap   total 418816K, used 228024K [0x0000000080000000, 0x0000000100000000)
  region size 1024K, 20 young (20480K), 3 survivors (3072K)
 Metaspace       used 164265K, committed 169664K, reserved 1245184K
  class space    used 21490K, committed 23488K, reserved 1048576K
}
Event: 2587.728 GC heap after
{Heap after GC invocations=76 (full 0):
 garbage-first heap   total 418816K, used 212712K [0x0000000080000000, 0x0000000100000000)
  region size 1024K, 2 young (2048K), 2 survivors (2048K)
 Metaspace       used 164265K, committed 169664K, reserved 1245184K
  class space    used 21490K, committed 23488K, reserved 1048576K
}
Event: 2594.923 GC heap before
{Heap before GC invocations=76 (full 0):
 garbage-first heap   total 418816K, used 230120K [0x0000000080000000, 0x0000000100000000)
  region size 1024K, 20 young (20480K), 2 survivors (2048K)
 Metaspace       used 164352K, committed 169664K, reserved 1245184K
  class space    used 21494K, committed 23488K, reserved 1048576K
}
Event: 2595.296 GC heap after
{Heap after GC invocations=77 (full 0):
 garbage-first heap   total 418816K, used 215543K [0x0000000080000000, 0x0000000100000000)
  region size 1024K, 3 young (3072K), 3 survivors (3072K)
 Metaspace       used 164352K, committed 169664K, reserved 1245184K
  class space    used 21494K, committed 23488K, reserved 1048576K
}
Event: 2602.873 GC heap before
{Heap before GC invocations=78 (full 0):
 garbage-first heap   total 418816K, used 231927K [0x0000000080000000, 0x0000000100000000)
  region size 1024K, 20 young (20480K), 3 survivors (3072K)
 Metaspace       used 164354K, committed 169664K, reserved 1245184K
  class space    used 21495K, committed 23488K, reserved 1048576K
}
Event: 2603.946 GC heap after
{Heap after GC invocations=79 (full 0):
 garbage-first heap   total 418816K, used 220099K [0x0000000080000000, 0x0000000100000000)
  region size 1024K, 3 young (3072K), 3 survivors (3072K)
 Metaspace       used 164354K, committed 169664K, reserved 1245184K
  class space    used 21495K, committed 23488K, reserved 1048576K
}
Event: 2605.478 GC heap before
{Heap before GC invocations=79 (full 0):
 garbage-first heap   total 418816K, used 236483K [0x0000000080000000, 0x0000000100000000)
  region size 1024K, 20 young (20480K), 3 survivors (3072K)
 Metaspace       used 164366K, committed 169664K, reserved 1245184K
  class space    used 21495K, committed 23488K, reserved 1048576K
}

